<?xml version="1.0" encoding="utf-8"?>
<test-run id="2" testcasecount="115" result="Passed" total="115" passed="115" failed="0" inconclusive="0" skipped="0" asserts="0" engine-version="3.5.0.0" clr-version="4.0.30319.42000" start-time="2026-08-05 09:03:10Z" end-time="2026-08-05 09:03:10Z" duration="0.6045261">
  <test-suite type="TestSuite" id="1000" name="Flooding" fullname="Flooding" runstate="Runnable" testcasecount="115" result="Passed" start-time="2026-08-05 09:03:10Z" end-time="2026-08-05 09:03:10Z" duration="0.604526" total="115" passed="115" failed="0" inconclusive="0" skipped="0" asserts="0">
    <properties>
      <property name="platform" value="EditMode" />
    </properties>
    <test-suite type="Assembly" id="1137" name="Kyle.Flooding.Tests.Editor.dll" fullname="C:/Users/kyleb/Flooding/Library/ScriptAssemblies/Kyle.Flooding.Tests.Editor.dll" runstate="Runnable" testcasecount="115" result="Passed" start-time="2026-08-05 09:03:10Z" end-time="2026-08-05 09:03:10Z" duration="0.590197" total="115" passed="115" failed="0" inconclusive="0" skipped="0" asserts="0">
      <properties>
        <property name="_PID" value="21692" />
        <property name="_APPDOMAIN" value="Unity Child Domain" />
        <property name="platform" value="EditMode" />
        <property name="EditorOnly" value="True" />
      </properties>
      <test-suite type="TestSuite" id="1138" name="Kyle" fullname="Kyle" runstate="Runnable" testcasecount="115" result="Passed" start-time="2026-08-05 09:03:10Z" end-time="2026-08-05 09:03:10Z" duration="0.587303" total="115" passed="115" failed="0" inconclusive="0" skipped="0" asserts="0">
        <properties />
        <test-suite type="TestSuite" id="1139" name="Flooding" fullname="Kyle.Flooding" runstate="Runnable" testcasecount="115" result="Passed" start-time="2026-08-05 09:03:10Z" end-time="2026-08-05 09:03:10Z" duration="0.584438" total="115" passed="115" failed="0" inconclusive="0" skipped="0" asserts="0">
          <properties />
          <test-suite type="TestSuite" id="1140" name="Tests" fullname="Kyle.Flooding.Tests" runstate="Runnable" testcasecount="115" result="Passed" start-time="2026-08-05 09:03:10Z" end-time="2026-08-05 09:03:10Z" duration="0.581503" total="115" passed="115" failed="0" inconclusive="0" skipped="0" asserts="0">
            <properties />
            <test-suite type="TestFixture" id="1001" name="BakedFloodGeometryTests" fullname="Kyle.Flooding.Tests.BakedFloodGeometryTests" classname="Kyle.Flooding.Tests.BakedFloodGeometryTests" runstate="Runnable" testcasecount="10" result="Passed" start-time="2026-08-05 09:03:10Z" end-time="2026-08-05 09:03:10Z" duration="0.368874" total="10" passed="10" failed="0" inconclusive="0" skipped="0" asserts="0">
              <properties />
              <test-case id="1011" name="Authoring_DetectsStaleFingerprint" fullname="Kyle.Flooding.Tests.BakedFloodGeometryTests.Authoring_DetectsStaleFingerprint" methodname="Authoring_DetectsStaleFingerprint" classname="Kyle.Flooding.Tests.BakedFloodGeometryTests" runstate="Runnable" seed="135581017" result="Passed" start-time="2026-08-05 09:03:10Z" end-time="2026-08-05 09:03:10Z" duration="0.051648" asserts="0">
                <properties>
                  <property name="retryIteration" value="0" />
                  <property name="repeatIteration" value="0" />
                </properties>
              </test-case>
              <test-case id="1005" name="BakedData_ClonesInputAndReportsApproximationIndicator" fullname="Kyle.Flooding.Tests.BakedFloodGeometryTests.BakedData_ClonesInputAndReportsApproximationIndicator" methodname="BakedData_ClonesInputAndReportsApproximationIndicator" classname="Kyle.Flooding.Tests.BakedFloodGeometryTests" runstate="Runnable" seed="14229978" result="Passed" start-time="2026-08-05 09:03:10Z" end-time="2026-08-05 09:03:10Z" duration="0.010672" asserts="0">
                <properties>
                  <property name="retryIteration" value="0" />
                  <property name="repeatIteration" value="0" />
                </properties>
              </test-case>
              <test-case id="1004" name="BakedData_EvaluateArbitraryPlaneDeterministically" fullname="Kyle.Flooding.Tests.BakedFloodGeometryTests.BakedData_EvaluateArbitraryPlaneDeterministically" methodname="BakedData_EvaluateArbitraryPlaneDeterministically" classname="Kyle.Flooding.Tests.BakedFloodGeometryTests" runstate="Runnable" seed="2000148092" result="Passed" start-time="2026-08-05 09:03:10Z" end-time="2026-08-05 09:03:10Z" duration="0.014516" asserts="0">
                <properties>
                  <property name="retryIteration" value="0" />
                  <property name="repeatIteration" value="0" />
                </properties>
              </test-case>
              <test-case id="1007" name="BakedData_WithoutPresentationBoundary_FallsBackToVoxelContours" fullname="Kyle.Flooding.Tests.BakedFloodGeometryTests.BakedData_WithoutPresentationBoundary_FallsBackToVoxelContours" methodname="BakedData_WithoutPresentationBoundary_FallsBackToVoxelContours" classname="Kyle.Flooding.Tests.BakedFloodGeometryTests" runstate="Runnable" seed="680002045" result="Passed" start-time="2026-08-05 09:03:10Z" end-time="2026-08-05 09:03:10Z" duration="0.005551" asserts="0">
                <properties>
                  <property name="retryIteration" value="0" />
                  <property name="repeatIteration" value="0" />
                </properties>
              </test-case>
              <test-case id="1006" name="BakedData_WithPresentationBoundary_UsesBoundarySurfaceNotVoxelPatches" fullname="Kyle.Flooding.Tests.BakedFloodGeometryTests.BakedData_WithPresentationBoundary_UsesBoundarySurfaceNotVoxelPatches" methodname="BakedData_WithPresentationBoundary_UsesBoundarySurfaceNotVoxelPatches" classname="Kyle.Flooding.Tests.BakedFloodGeometryTests" runstate="Runnable" seed="730240328" result="Passed" start-time="2026-08-05 09:03:10Z" end-time="2026-08-05 09:03:10Z" duration="0.009820" asserts="0">
                <properties>
                  <property name="retryIteration" value="0" />
                  <property name="repeatIteration" value="0" />
                </properties>
              </test-case>
              <test-case id="1003" name="BakedRuntimeImplementation_IsNotPublic" fullname="Kyle.Flooding.Tests.BakedFloodGeometryTests.BakedRuntimeImplementation_IsNotPublic" methodname="BakedRuntimeImplementation_IsNotPublic" classname="Kyle.Flooding.Tests.BakedFloodGeometryTests" runstate="Runnable" seed="728114667" result="Passed" start-time="2026-08-05 09:03:10Z" end-time="2026-08-05 09:03:10Z" duration="0.000540" asserts="0">
                <properties>
                  <property name="retryIteration" value="0" />
                  <property name="repeatIteration" value="0" />
                </properties>
              </test-case>
              <test-case id="1010" name="ClosedMesh_WithDuplicatedSeamVertices_IsAccepted" fullname="Kyle.Flooding.Tests.BakedFloodGeometryTests.ClosedMesh_WithDuplicatedSeamVertices_IsAccepted" methodname="ClosedMesh_WithDuplicatedSeamVertices_IsAccepted" classname="Kyle.Flooding.Tests.BakedFloodGeometryTests" runstate="Runnable" seed="1244725651" result="Passed" start-time="2026-08-05 09:03:10Z" end-time="2026-08-05 09:03:10Z" duration="0.014055" asserts="0">
                <properties>
                  <property name="retryIteration" value="0" />
                  <property name="repeatIteration" value="0" />
                </properties>
              </test-case>
              <test-case id="1002" name="GeometryMode_AppendsBakeWithoutChangingExistingValues" fullname="Kyle.Flooding.Tests.BakedFloodGeometryTests.GeometryMode_AppendsBakeWithoutChangingExistingValues" methodname="GeometryMode_AppendsBakeWithoutChangingExistingValues" classname="Kyle.Flooding.Tests.BakedFloodGeometryTests" runstate="Runnable" seed="843019067" result="Passed" start-time="2026-08-05 09:03:10Z" end-time="2026-08-05 09:03:10Z" duration="0.001288" asserts="0">
                <properties>
                  <property name="retryIteration" value="0" />
                  <property name="repeatIteration" value="0" />
                </properties>
              </test-case>
              <test-case id="1009" name="OpenSourceMesh_IsRejectedBeforeBake" fullname="Kyle.Flooding.Tests.BakedFloodGeometryTests.OpenSourceMesh_IsRejectedBeforeBake" methodname="OpenSourceMesh_IsRejectedBeforeBake" classname="Kyle.Flooding.Tests.BakedFloodGeometryTests" runstate="Runnable" seed="928950213" result="Passed" start-time="2026-08-05 09:03:10Z" end-time="2026-08-05 09:03:10Z" duration="0.003572" asserts="0">
                <properties>
                  <property name="retryIteration" value="0" />
                  <property name="repeatIteration" value="0" />
                </properties>
              </test-case>
              <test-case id="1008" name="SurfaceSolver_HasDeterministicWorkGuardFor512Cells" fullname="Kyle.Flooding.Tests.BakedFloodGeometryTests.SurfaceSolver_HasDeterministicWorkGuardFor512Cells" methodname="SurfaceSolver_HasDeterministicWorkGuardFor512Cells" classname="Kyle.Flooding.Tests.BakedFloodGeometryTests" runstate="Runnable" seed="948416868" result="Passed" start-time="2026-08-05 09:03:10Z" end-time="2026-08-05 09:03:10Z" duration="0.224885" asserts="0">
                <properties>
                  <property name="retryIteration" value="0" />
                  <property name="repeatIteration" value="0" />
                </properties>
              </test-case>
            </test-suite>
            <test-suite type="TestFixture" id="1012" name="FloodCameraUnderwaterHysteresisTests" fullname="Kyle.Flooding.Tests.FloodCameraUnderwaterHysteresisTests" classname="Kyle.Flooding.Tests.FloodCameraUnderwaterHysteresisTests" runstate="Runnable" testcasecount="4" result="Passed" start-time="2026-08-05 09:03:10Z" end-time="2026-08-05 09:03:10Z" duration="0.005766" total="4" passed="4" failed="0" inconclusive="0" skipped="0" asserts="0">
              <properties />
              <test-case id="1013" name="Dry_DoesNotEnter_UntilAtOrBelowEnterThreshold" fullname="Kyle.Flooding.Tests.FloodCameraUnderwaterHysteresisTests.Dry_DoesNotEnter_UntilAtOrBelowEnterThreshold" methodname="Dry_DoesNotEnter_UntilAtOrBelowEnterThreshold" classname="Kyle.Flooding.Tests.FloodCameraUnderwaterHysteresisTests" runstate="Runnable" seed="924934104" result="Passed" start-time="2026-08-05 09:03:10Z" end-time="2026-08-05 09:03:10Z" duration="0.000453" asserts="0">
                <properties>
                  <property name="retryIteration" value="0" />
                  <property name="repeatIteration" value="0" />
                </properties>
              </test-case>
              <test-case id="1016" name="OnSurfaceBand_PreservesLatchedState" fullname="Kyle.Flooding.Tests.FloodCameraUnderwaterHysteresisTests.OnSurfaceBand_PreservesLatchedState" methodname="OnSurfaceBand_PreservesLatchedState" classname="Kyle.Flooding.Tests.FloodCameraUnderwaterHysteresisTests" runstate="Runnable" seed="1856434329" result="Passed" start-time="2026-08-05 09:03:10Z" end-time="2026-08-05 09:03:10Z" duration="0.000247" asserts="0">
                <properties>
                  <property name="retryIteration" value="0" />
                  <property name="repeatIteration" value="0" />
                </properties>
              </test-case>
              <test-case id="1015" name="OutsideVolume_AlwaysClearsUnderwater" fullname="Kyle.Flooding.Tests.FloodCameraUnderwaterHysteresisTests.OutsideVolume_AlwaysClearsUnderwater" methodname="OutsideVolume_AlwaysClearsUnderwater" classname="Kyle.Flooding.Tests.FloodCameraUnderwaterHysteresisTests" runstate="Runnable" seed="1711059651" result="Passed" start-time="2026-08-05 09:03:10Z" end-time="2026-08-05 09:03:10Z" duration="0.000195" asserts="0">
                <properties>
                  <property name="retryIteration" value="0" />
                  <property name="repeatIteration" value="0" />
                </properties>
              </test-case>
              <test-case id="1014" name="Underwater_DoesNotExit_UntilAtOrAboveExitThreshold" fullname="Kyle.Flooding.Tests.FloodCameraUnderwaterHysteresisTests.Underwater_DoesNotExit_UntilAtOrAboveExitThreshold" methodname="Underwater_DoesNotExit_UntilAtOrAboveExitThreshold" classname="Kyle.Flooding.Tests.FloodCameraUnderwaterHysteresisTests" runstate="Runnable" seed="1136028671" result="Passed" start-time="2026-08-05 09:03:10Z" end-time="2026-08-05 09:03:10Z" duration="0.000268" asserts="0">
                <properties>
                  <property name="retryIteration" value="0" />
                  <property name="repeatIteration" value="0" />
                </properties>
              </test-case>
            </test-suite>
            <test-suite type="TestFixture" id="1017" name="FloodContainmentTests" fullname="Kyle.Flooding.Tests.FloodContainmentTests" classname="Kyle.Flooding.Tests.FloodContainmentTests" runstate="Runnable" testcasecount="3" result="Passed" start-time="2026-08-05 09:03:10Z" end-time="2026-08-05 09:03:10Z" duration="0.010849" total="3" passed="3" failed="0" inconclusive="0" skipped="0" asserts="0">
              <properties />
              <test-case id="1020" name="BakedGeometry_UsesOccupiedCellApproximation" fullname="Kyle.Flooding.Tests.FloodContainmentTests.BakedGeometry_UsesOccupiedCellApproximation" methodname="BakedGeometry_UsesOccupiedCellApproximation" classname="Kyle.Flooding.Tests.FloodContainmentTests" runstate="Runnable" seed="2123802145" result="Passed" start-time="2026-08-05 09:03:10Z" end-time="2026-08-05 09:03:10Z" duration="0.001974" asserts="0">
                <properties>
                  <property name="retryIteration" value="0" />
                  <property name="repeatIteration" value="0" />
                </properties>
              </test-case>
              <test-case id="1019" name="ExtrudedPolygon_ContainsConcaveFootprintExactly" fullname="Kyle.Flooding.Tests.FloodContainmentTests.ExtrudedPolygon_ContainsConcaveFootprintExactly" methodname="ExtrudedPolygon_ContainsConcaveFootprintExactly" classname="Kyle.Flooding.Tests.FloodContainmentTests" runstate="Runnable" seed="1386678851" result="Passed" start-time="2026-08-05 09:03:10Z" end-time="2026-08-05 09:03:10Z" duration="0.006449" asserts="0">
                <properties>
                  <property name="retryIteration" value="0" />
                  <property name="repeatIteration" value="0" />
                </properties>
              </test-case>
              <test-case id="1018" name="RectangularPrism_ReportsExactContainment" fullname="Kyle.Flooding.Tests.FloodContainmentTests.RectangularPrism_ReportsExactContainment" methodname="RectangularPrism_ReportsExactContainment" classname="Kyle.Flooding.Tests.FloodContainmentTests" runstate="Runnable" seed="973575545" result="Passed" start-time="2026-08-05 09:03:10Z" end-time="2026-08-05 09:03:10Z" duration="0.000842" asserts="0">
                <properties>
                  <property name="retryIteration" value="0" />
                  <property name="repeatIteration" value="0" />
                </properties>
              </test-case>
            </test-suite>
            <test-suite type="TestFixture" id="1021" name="FloodDiagnosticMathTests" fullname="Kyle.Flooding.Tests.FloodDiagnosticMathTests" classname="Kyle.Flooding.Tests.FloodDiagnosticMathTests" runstate="Runnable" testcasecount="4" result="Passed" start-time="2026-08-05 09:03:10Z" end-time="2026-08-05 09:03:10Z" duration="0.007465" total="4" passed="4" failed="0" inconclusive="0" skipped="0" asserts="0">
              <properties />
              <test-case id="1023" name="CombineWaterMass_EmptyStatesUseDiagnosticOrigin" fullname="Kyle.Flooding.Tests.FloodDiagnosticMathTests.CombineWaterMass_EmptyStatesUseDiagnosticOrigin" methodname="CombineWaterMass_EmptyStatesUseDiagnosticOrigin" classname="Kyle.Flooding.Tests.FloodDiagnosticMathTests" runstate="Runnable" seed="180199272" result="Passed" start-time="2026-08-05 09:03:10Z" end-time="2026-08-05 09:03:10Z" duration="0.002811" asserts="0">
                <properties>
                  <property name="retryIteration" value="0" />
                  <property name="repeatIteration" value="0" />
                </properties>
              </test-case>
              <test-case id="1022" name="CombineWaterMass_UsesDeterministicMassWeightedCenter" fullname="Kyle.Flooding.Tests.FloodDiagnosticMathTests.CombineWaterMass_UsesDeterministicMassWeightedCenter" methodname="CombineWaterMass_UsesDeterministicMassWeightedCenter" classname="Kyle.Flooding.Tests.FloodDiagnosticMathTests" runstate="Runnable" seed="412296403" result="Passed" start-time="2026-08-05 09:03:10Z" end-time="2026-08-05 09:03:10Z" duration="0.000805" asserts="0">
                <properties>
                  <property name="retryIteration" value="0" />
                  <property name="repeatIteration" value="0" />
                </properties>
              </test-case>
              <test-case id="1024" name="ResolveFlowDirection_PrefersAppliedRate" fullname="Kyle.Flooding.Tests.FloodDiagnosticMathTests.ResolveFlowDirection_PrefersAppliedRate" methodname="ResolveFlowDirection_PrefersAppliedRate" classname="Kyle.Flooding.Tests.FloodDiagnosticMathTests" runstate="Runnable" seed="1299275134" result="Passed" start-time="2026-08-05 09:03:10Z" end-time="2026-08-05 09:03:10Z" duration="0.000983" asserts="0">
                <properties>
                  <property name="retryIteration" value="0" />
                  <property name="repeatIteration" value="0" />
                </properties>
              </test-case>
              <test-case id="1025" name="ResolveFlowDirection_UsesRequestedRateWhenNothingApplied" fullname="Kyle.Flooding.Tests.FloodDiagnosticMathTests.ResolveFlowDirection_UsesRequestedRateWhenNothingApplied" methodname="ResolveFlowDirection_UsesRequestedRateWhenNothingApplied" classname="Kyle.Flooding.Tests.FloodDiagnosticMathTests" runstate="Runnable" seed="379873176" result="Passed" start-time="2026-08-05 09:03:10Z" end-time="2026-08-05 09:03:10Z" duration="0.000424" asserts="0">
                <properties>
                  <property name="retryIteration" value="0" />
                  <property name="repeatIteration" value="0" />
                </properties>
              </test-case>
            </test-suite>
            <test-suite type="TestFixture" id="1026" name="FloodFlowCalculatorTests" fullname="Kyle.Flooding.Tests.FloodFlowCalculatorTests" classname="Kyle.Flooding.Tests.FloodFlowCalculatorTests" runstate="Runnable" testcasecount="17" result="Passed" start-time="2026-08-05 09:03:10Z" end-time="2026-08-05 09:03:10Z" duration="0.017415" total="17" passed="17" failed="0" inconclusive="0" skipped="0" asserts="0">
              <properties />
              <test-case id="1031" name="Calculate_DryOpeningProducesNoFlow" fullname="Kyle.Flooding.Tests.FloodFlowCalculatorTests.Calculate_DryOpeningProducesNoFlow" methodname="Calculate_DryOpeningProducesNoFlow" classname="Kyle.Flooding.Tests.FloodFlowCalculatorTests" runstate="Runnable" seed="272740390" result="Passed" start-time="2026-08-05 09:03:10Z" end-time="2026-08-05 09:03:10Z" duration="0.001284" asserts="0">
                <properties>
                  <property name="retryIteration" value="0" />
                  <property name="repeatIteration" value="0" />
                </properties>
              </test-case>
              <test-case id="1027" name="Calculate_EqualHeadsProduceNoFlow" fullname="Kyle.Flooding.Tests.FloodFlowCalculatorTests.Calculate_EqualHeadsProduceNoFlow" methodname="Calculate_EqualHeadsProduceNoFlow" classname="Kyle.Flooding.Tests.FloodFlowCalculatorTests" runstate="Runnable" seed="1164615751" result="Passed" start-time="2026-08-05 09:03:10Z" end-time="2026-08-05 09:03:10Z" duration="0.000482" asserts="0">
                <properties>
                  <property name="retryIteration" value="0" />
                  <property name="repeatIteration" value="0" />
                </properties>
              </test-case>
              <test-case id="1032" name="Calculate_HeadWithinToleranceProducesNoFlow" fullname="Kyle.Flooding.Tests.FloodFlowCalculatorTests.Calculate_HeadWithinToleranceProducesNoFlow" methodname="Calculate_HeadWithinToleranceProducesNoFlow" classname="Kyle.Flooding.Tests.FloodFlowCalculatorTests" runstate="Runnable" seed="1920486446" result="Passed" start-time="2026-08-05 09:03:10Z" end-time="2026-08-05 09:03:10Z" duration="0.000311" asserts="0">
                <properties>
                  <property name="retryIteration" value="0" />
                  <property name="repeatIteration" value="0" />
                </properties>
              </test-case>
              <test-case id="1040" name="Calculate_OpenFraction_AppliesToReverseFlow" fullname="Kyle.Flooding.Tests.FloodFlowCalculatorTests.Calculate_OpenFraction_AppliesToReverseFlow" methodname="Calculate_OpenFraction_AppliesToReverseFlow" classname="Kyle.Flooding.Tests.FloodFlowCalculatorTests" runstate="Runnable" seed="1540220793" result="Passed" start-time="2026-08-05 09:03:10Z" end-time="2026-08-05 09:03:10Z" duration="0.000424" asserts="0">
                <properties>
                  <property name="retryIteration" value="0" />
                  <property name="repeatIteration" value="0" />
                </properties>
              </test-case>
              <test-case id="1039" name="Calculate_OpenFractionHalf_HalvesFlowAndEffectiveArea" fullname="Kyle.Flooding.Tests.FloodFlowCalculatorTests.Calculate_OpenFractionHalf_HalvesFlowAndEffectiveArea" methodname="Calculate_OpenFractionHalf_HalvesFlowAndEffectiveArea" classname="Kyle.Flooding.Tests.FloodFlowCalculatorTests" runstate="Runnable" seed="1417584377" result="Passed" start-time="2026-08-05 09:03:10Z" end-time="2026-08-05 09:03:10Z" duration="0.000333" asserts="0">
                <properties>
                  <property name="retryIteration" value="0" />
                  <property name="repeatIteration" value="0" />
                </properties>
              </test-case>
              <test-case id="1037" name="Calculate_OpenFractionOne_PreservesExistingBehavior" fullname="Kyle.Flooding.Tests.FloodFlowCalculatorTests.Calculate_OpenFractionOne_PreservesExistingBehavior" methodname="Calculate_OpenFractionOne_PreservesExistingBehavior" classname="Kyle.Flooding.Tests.FloodFlowCalculatorTests" runstate="Runnable" seed="1597760958" result="Passed" start-time="2026-08-05 09:03:10Z" end-time="2026-08-05 09:03:10Z" duration="0.000325" asserts="0">
                <properties>
                  <property name="retryIteration" value="0" />
                  <property name="repeatIteration" value="0" />
                </properties>
              </test-case>
              <test-case id="1038" name="Calculate_OpenFractionZero_ProducesZeroFlowAndArea" fullname="Kyle.Flooding.Tests.FloodFlowCalculatorTests.Calculate_OpenFractionZero_ProducesZeroFlowAndArea" methodname="Calculate_OpenFractionZero_ProducesZeroFlowAndArea" classname="Kyle.Flooding.Tests.FloodFlowCalculatorTests" runstate="Runnable" seed="138633919" result="Passed" start-time="2026-08-05 09:03:10Z" end-time="2026-08-05 09:03:10Z" duration="0.000275" asserts="0">
                <properties>
                  <property name="retryIteration" value="0" />
                  <property name="repeatIteration" value="0" />
                </properties>
              </test-case>
              <test-suite type="ParameterizedMethod" id="1036" name="Calculate_RejectsInvalidDischargeCoefficient" fullname="Kyle.Flooding.Tests.FloodFlowCalculatorTests.Calculate_RejectsInvalidDischargeCoefficient" classname="Kyle.Flooding.Tests.FloodFlowCalculatorTests" runstate="Runnable" testcasecount="3" result="Passed" start-time="2026-08-05 09:03:10Z" end-time="2026-08-05 09:03:10Z" duration="0.005272" total="3" passed="3" failed="0" inconclusive="0" skipped="0" asserts="0">
                <properties />
                <test-case id="1033" name="Calculate_RejectsInvalidDischargeCoefficient(-0.1d)" fullname="Kyle.Flooding.Tests.FloodFlowCalculatorTests.Calculate_RejectsInvalidDischargeCoefficient(-0.1d)" methodname="Calculate_RejectsInvalidDischargeCoefficient" classname="Kyle.Flooding.Tests.FloodFlowCalculatorTests" runstate="Runnable" seed="177605971" result="Passed" start-time="2026-08-05 09:03:10Z" end-time="2026-08-05 09:03:10Z" duration="0.003383" asserts="0">
                  <properties>
                    <property name="retryIteration" value="0" />
                    <property name="repeatIteration" value="0" />
                  </properties>
                </test-case>
                <test-case id="1034" name="Calculate_RejectsInvalidDischargeCoefficient(1.1d)" fullname="Kyle.Flooding.Tests.FloodFlowCalculatorTests.Calculate_RejectsInvalidDischargeCoefficient(1.1d)" methodname="Calculate_RejectsInvalidDischargeCoefficient" classname="Kyle.Flooding.Tests.FloodFlowCalculatorTests" runstate="Runnable" seed="1060236174" result="Passed" start-time="2026-08-05 09:03:10Z" end-time="2026-08-05 09:03:10Z" duration="0.000213" asserts="0">
                  <properties>
                    <property name="retryIteration" value="0" />
                    <property name="repeatIteration" value="0" />
                  </properties>
                </test-case>
                <test-case id="1035" name="Calculate_RejectsInvalidDischargeCoefficient(double.NaN)" fullname="Kyle.Flooding.Tests.FloodFlowCalculatorTests.Calculate_RejectsInvalidDischargeCoefficient(double.NaN)" methodname="Calculate_RejectsInvalidDischargeCoefficient" classname="Kyle.Flooding.Tests.FloodFlowCalculatorTests" runstate="Runnable" seed="1897638549" result="Passed" start-time="2026-08-05 09:03:10Z" end-time="2026-08-05 09:03:10Z" duration="0.000202" asserts="0">
                  <properties>
                    <property name="retryIteration" value="0" />
                    <property name="repeatIteration" value="0" />
                  </properties>
                </test-case>
              </test-suite>
              <test-suite type="ParameterizedMethod" id="1045" name="Calculate_RejectsInvalidOpenFraction" fullname="Kyle.Flooding.Tests.FloodFlowCalculatorTests.Calculate_RejectsInvalidOpenFraction" classname="Kyle.Flooding.Tests.FloodFlowCalculatorTests" runstate="Runnable" testcasecount="4" result="Passed" start-time="2026-08-05 09:03:10Z" end-time="2026-08-05 09:03:10Z" duration="0.002609" total="4" passed="4" failed="0" inconclusive="0" skipped="0" asserts="0">
                <properties />
                <test-case id="1041" name="Calculate_RejectsInvalidOpenFraction(-0.1d)" fullname="Kyle.Flooding.Tests.FloodFlowCalculatorTests.Calculate_RejectsInvalidOpenFraction(-0.1d)" methodname="Calculate_RejectsInvalidOpenFraction" classname="Kyle.Flooding.Tests.FloodFlowCalculatorTests" runstate="Runnable" seed="350522449" result="Passed" start-time="2026-08-05 09:03:10Z" end-time="2026-08-05 09:03:10Z" duration="0.000639" asserts="0">
                  <properties>
                    <property name="retryIteration" value="0" />
                    <property name="repeatIteration" value="0" />
                  </properties>
                </test-case>
                <test-case id="1042" name="Calculate_RejectsInvalidOpenFraction(1.1d)" fullname="Kyle.Flooding.Tests.FloodFlowCalculatorTests.Calculate_RejectsInvalidOpenFraction(1.1d)" methodname="Calculate_RejectsInvalidOpenFraction" classname="Kyle.Flooding.Tests.FloodFlowCalculatorTests" runstate="Runnable" seed="780723654" result="Passed" start-time="2026-08-05 09:03:10Z" end-time="2026-08-05 09:03:10Z" duration="0.000218" asserts="0">
                  <properties>
                    <property name="retryIteration" value="0" />
                    <property name="repeatIteration" value="0" />
                  </properties>
                </test-case>
                <test-case id="1043" name="Calculate_RejectsInvalidOpenFraction(double.NaN)" fullname="Kyle.Flooding.Tests.FloodFlowCalculatorTests.Calculate_RejectsInvalidOpenFraction(double.NaN)" methodname="Calculate_RejectsInvalidOpenFraction" classname="Kyle.Flooding.Tests.FloodFlowCalculatorTests" runstate="Runnable" seed="1017534252" result="Passed" start-time="2026-08-05 09:03:10Z" end-time="2026-08-05 09:03:10Z" duration="0.000164" asserts="0">
                  <properties>
                    <property name="retryIteration" value="0" />
                    <property name="repeatIteration" value="0" />
                  </properties>
                </test-case>
                <test-case id="1044" name="Calculate_RejectsInvalidOpenFraction(double.PositiveInfinity)" fullname="Kyle.Flooding.Tests.FloodFlowCalculatorTests.Calculate_RejectsInvalidOpenFraction(double.PositiveInfinity)" methodname="Calculate_RejectsInvalidOpenFraction" classname="Kyle.Flooding.Tests.FloodFlowCalculatorTests" runstate="Runnable" seed="1395911555" result="Passed" start-time="2026-08-05 09:03:10Z" end-time="2026-08-05 09:03:10Z" duration="0.000191" asserts="0">
                  <properties>
                    <property name="retryIteration" value="0" />
                    <property name="repeatIteration" value="0" />
                  </properties>
                </test-case>
              </test-suite>
              <test-case id="1029" name="Calculate_ReversesWhenSideBHasGreaterHead" fullname="Kyle.Flooding.Tests.FloodFlowCalculatorTests.Calculate_ReversesWhenSideBHasGreaterHead" methodname="Calculate_ReversesWhenSideBHasGreaterHead" classname="Kyle.Flooding.Tests.FloodFlowCalculatorTests" runstate="Runnable" seed="1177786171" result="Passed" start-time="2026-08-05 09:03:10Z" end-time="2026-08-05 09:03:10Z" duration="0.000597" asserts="0">
                <properties>
                  <property name="retryIteration" value="0" />
                  <property name="repeatIteration" value="0" />
                </properties>
              </test-case>
              <test-case id="1028" name="Calculate_UsesCentroidHeadForOrificeFlow" fullname="Kyle.Flooding.Tests.FloodFlowCalculatorTests.Calculate_UsesCentroidHeadForOrificeFlow" methodname="Calculate_UsesCentroidHeadForOrificeFlow" classname="Kyle.Flooding.Tests.FloodFlowCalculatorTests" runstate="Runnable" seed="581312702" result="Passed" start-time="2026-08-05 09:03:10Z" end-time="2026-08-05 09:03:10Z" duration="0.000513" asserts="0">
                <properties>
                  <property name="retryIteration" value="0" />
                  <property name="repeatIteration" value="0" />
                </properties>
              </test-case>
              <test-case id="1030" name="Calculate_UsesPartiallySubmergedOpeningArea" fullname="Kyle.Flooding.Tests.FloodFlowCalculatorTests.Calculate_UsesPartiallySubmergedOpeningArea" methodname="Calculate_UsesPartiallySubmergedOpeningArea" classname="Kyle.Flooding.Tests.FloodFlowCalculatorTests" runstate="Runnable" seed="888270544" result="Passed" start-time="2026-08-05 09:03:10Z" end-time="2026-08-05 09:03:10Z" duration="0.000586" asserts="0">
                <properties>
                  <property name="retryIteration" value="0" />
                  <property name="repeatIteration" value="0" />
                </properties>
              </test-case>
            </test-suite>
            <test-suite type="TestFixture" id="1046" name="FloodFluidTolerancesTests" fullname="Kyle.Flooding.Tests.FloodFluidTolerancesTests" classname="Kyle.Flooding.Tests.FloodFluidTolerancesTests" runstate="Runnable" testcasecount="3" result="Passed" start-time="2026-08-05 09:03:10Z" end-time="2026-08-05 09:03:10Z" duration="0.002940" total="3" passed="3" failed="0" inconclusive="0" skipped="0" asserts="0">
              <properties />
              <test-case id="1047" name="DensitiesMatch_AcceptsNearlyEqualFreshWaterValues" fullname="Kyle.Flooding.Tests.FloodFluidTolerancesTests.DensitiesMatch_AcceptsNearlyEqualFreshWaterValues" methodname="DensitiesMatch_AcceptsNearlyEqualFreshWaterValues" classname="Kyle.Flooding.Tests.FloodFluidTolerancesTests" runstate="Runnable" seed="1170534539" result="Passed" start-time="2026-08-05 09:03:10Z" end-time="2026-08-05 09:03:10Z" duration="0.000574" asserts="0">
                <properties>
                  <property name="retryIteration" value="0" />
                  <property name="repeatIteration" value="0" />
                </properties>
              </test-case>
              <test-case id="1048" name="DensitiesMatch_RejectsMateriallyDifferentValues" fullname="Kyle.Flooding.Tests.FloodFluidTolerancesTests.DensitiesMatch_RejectsMateriallyDifferentValues" methodname="DensitiesMatch_RejectsMateriallyDifferentValues" classname="Kyle.Flooding.Tests.FloodFluidTolerancesTests" runstate="Runnable" seed="871615320" result="Passed" start-time="2026-08-05 09:03:10Z" end-time="2026-08-05 09:03:10Z" duration="0.000280" asserts="0">
                <properties>
                  <property name="retryIteration" value="0" />
                  <property name="repeatIteration" value="0" />
                </properties>
              </test-case>
              <test-case id="1049" name="NearlyEqual_UsesAbsoluteToleranceNearZero" fullname="Kyle.Flooding.Tests.FloodFluidTolerancesTests.NearlyEqual_UsesAbsoluteToleranceNearZero" methodname="NearlyEqual_UsesAbsoluteToleranceNearZero" classname="Kyle.Flooding.Tests.FloodFluidTolerancesTests" runstate="Runnable" seed="1975902794" result="Passed" start-time="2026-08-05 09:03:10Z" end-time="2026-08-05 09:03:10Z" duration="0.000349" asserts="0">
                <properties>
                  <property name="retryIteration" value="0" />
                  <property name="repeatIteration" value="0" />
                </properties>
              </test-case>
            </test-suite>
            <test-suite type="TestFixture" id="1050" name="FloodGeometryTests" fullname="Kyle.Flooding.Tests.FloodGeometryTests" classname="Kyle.Flooding.Tests.FloodGeometryTests" runstate="Runnable" testcasecount="8" result="Passed" start-time="2026-08-05 09:03:10Z" end-time="2026-08-05 09:03:10Z" duration="0.031333" total="8" passed="8" failed="0" inconclusive="0" skipped="0" asserts="0">
              <properties />
              <test-case id="1056" name="ClockwisePolygon_IsAcceptedAndNormalized" fullname="Kyle.Flooding.Tests.FloodGeometryTests.ClockwisePolygon_IsAcceptedAndNormalized" methodname="ClockwisePolygon_IsAcceptedAndNormalized" classname="Kyle.Flooding.Tests.FloodGeometryTests" runstate="Runnable" seed="2061322540" result="Passed" start-time="2026-08-05 09:03:10Z" end-time="2026-08-05 09:03:10Z" duration="0.001267" asserts="0">
                <properties>
                  <property name="retryIteration" value="0" />
                  <property name="repeatIteration" value="0" />
                </properties>
              </test-case>
              <test-case id="1055" name="ConcavePolygon_HasStableAreaCentroidAndFill" fullname="Kyle.Flooding.Tests.FloodGeometryTests.ConcavePolygon_HasStableAreaCentroidAndFill" methodname="ConcavePolygon_HasStableAreaCentroidAndFill" classname="Kyle.Flooding.Tests.FloodGeometryTests" runstate="Runnable" seed="56786570" result="Passed" start-time="2026-08-05 09:03:10Z" end-time="2026-08-05 09:03:10Z" duration="0.011433" asserts="0">
                <properties>
                  <property name="retryIteration" value="0" />
                  <property name="repeatIteration" value="0" />
                </properties>
              </test-case>
              <test-case id="1054" name="ConcavePolygon_TiltedSolvePreservesTargetVolume" fullname="Kyle.Flooding.Tests.FloodGeometryTests.ConcavePolygon_TiltedSolvePreservesTargetVolume" methodname="ConcavePolygon_TiltedSolvePreservesTargetVolume" classname="Kyle.Flooding.Tests.FloodGeometryTests" runstate="Runnable" seed="43904097" result="Passed" start-time="2026-08-05 09:03:10Z" end-time="2026-08-05 09:03:10Z" duration="0.005746" asserts="0">
                <properties>
                  <property name="retryIteration" value="0" />
                  <property name="repeatIteration" value="0" />
                </properties>
              </test-case>
              <test-case id="1058" name="DuplicatePolygonPoint_IsRejectedWithPointIndices" fullname="Kyle.Flooding.Tests.FloodGeometryTests.DuplicatePolygonPoint_IsRejectedWithPointIndices" methodname="DuplicatePolygonPoint_IsRejectedWithPointIndices" classname="Kyle.Flooding.Tests.FloodGeometryTests" runstate="Runnable" seed="1303075694" result="Passed" start-time="2026-08-05 09:03:10Z" end-time="2026-08-05 09:03:10Z" duration="0.000842" asserts="0">
                <properties>
                  <property name="retryIteration" value="0" />
                  <property name="repeatIteration" value="0" />
                </properties>
              </test-case>
              <test-case id="1051" name="Rectangle_EvaluatesHorizontalSubmersion" fullname="Kyle.Flooding.Tests.FloodGeometryTests.Rectangle_EvaluatesHorizontalSubmersion" methodname="Rectangle_EvaluatesHorizontalSubmersion" classname="Kyle.Flooding.Tests.FloodGeometryTests" runstate="Runnable" seed="1620692045" result="Passed" start-time="2026-08-05 09:03:10Z" end-time="2026-08-05 09:03:10Z" duration="0.001927" asserts="0">
                <properties>
                  <property name="retryIteration" value="0" />
                  <property name="repeatIteration" value="0" />
                </properties>
              </test-case>
              <test-case id="1052" name="Rectangle_EvaluatesTiltedPlaneExactly" fullname="Kyle.Flooding.Tests.FloodGeometryTests.Rectangle_EvaluatesTiltedPlaneExactly" methodname="Rectangle_EvaluatesTiltedPlaneExactly" classname="Kyle.Flooding.Tests.FloodGeometryTests" runstate="Runnable" seed="1485056000" result="Passed" start-time="2026-08-05 09:03:10Z" end-time="2026-08-05 09:03:10Z" duration="0.001809" asserts="0">
                <properties>
                  <property name="retryIteration" value="0" />
                  <property name="repeatIteration" value="0" />
                </properties>
              </test-case>
              <test-case id="1057" name="SelfIntersectingPolygon_IsRejectedWithActionableMessage" fullname="Kyle.Flooding.Tests.FloodGeometryTests.SelfIntersectingPolygon_IsRejectedWithActionableMessage" methodname="SelfIntersectingPolygon_IsRejectedWithActionableMessage" classname="Kyle.Flooding.Tests.FloodGeometryTests" runstate="Runnable" seed="974135186" result="Passed" start-time="2026-08-05 09:03:10Z" end-time="2026-08-05 09:03:10Z" duration="0.001024" asserts="0">
                <properties>
                  <property name="retryIteration" value="0" />
                  <property name="repeatIteration" value="0" />
                </properties>
              </test-case>
              <test-case id="1053" name="SurfaceSolver_MatchesRequestedVolumeForTiltedRectangle" fullname="Kyle.Flooding.Tests.FloodGeometryTests.SurfaceSolver_MatchesRequestedVolumeForTiltedRectangle" methodname="SurfaceSolver_MatchesRequestedVolumeForTiltedRectangle" classname="Kyle.Flooding.Tests.FloodGeometryTests" runstate="Runnable" seed="1130462318" result="Passed" start-time="2026-08-05 09:03:10Z" end-time="2026-08-05 09:03:10Z" duration="0.003353" asserts="0">
                <properties>
                  <property name="retryIteration" value="0" />
                  <property name="repeatIteration" value="0" />
                </properties>
              </test-case>
            </test-suite>
            <test-suite type="TestFixture" id="1059" name="FloodIngressPresentationTests" fullname="Kyle.Flooding.Tests.FloodIngressPresentationTests" classname="Kyle.Flooding.Tests.FloodIngressPresentationTests" runstate="Runnable" testcasecount="17" result="Passed" start-time="2026-08-05 09:03:10Z" end-time="2026-08-05 09:03:10Z" duration="0.059155" total="17" passed="17" failed="0" inconclusive="0" skipped="0" asserts="0">
              <properties />
              <test-case id="1075" name="JetMesh_DeformsWithGravityAndReportsFloorImpact" fullname="Kyle.Flooding.Tests.FloodIngressPresentationTests.JetMesh_DeformsWithGravityAndReportsFloorImpact" methodname="JetMesh_DeformsWithGravityAndReportsFloorImpact" classname="Kyle.Flooding.Tests.FloodIngressPresentationTests" runstate="Runnable" seed="722145598" result="Passed" start-time="2026-08-05 09:03:10Z" end-time="2026-08-05 09:03:10Z" duration="0.006243" asserts="0">
                <properties>
                  <property name="retryIteration" value="0" />
                  <property name="repeatIteration" value="0" />
                </properties>
              </test-case>
              <test-case id="1065" name="PresentationState_CreatesPatchAboveMinimumFlow" fullname="Kyle.Flooding.Tests.FloodIngressPresentationTests.PresentationState_CreatesPatchAboveMinimumFlow" methodname="PresentationState_CreatesPatchAboveMinimumFlow" classname="Kyle.Flooding.Tests.FloodIngressPresentationTests" runstate="Runnable" seed="181907744" result="Passed" start-time="2026-08-05 09:03:10Z" end-time="2026-08-05 09:03:10Z" duration="0.008238" asserts="0">
                <properties>
                  <property name="retryIteration" value="0" />
                  <property name="repeatIteration" value="0" />
                </properties>
              </test-case>
              <test-case id="1073" name="PresentationState_DirectionalStretchElongatesMajorAxisWhileGrowing" fullname="Kyle.Flooding.Tests.FloodIngressPresentationTests.PresentationState_DirectionalStretchElongatesMajorAxisWhileGrowing" methodname="PresentationState_DirectionalStretchElongatesMajorAxisWhileGrowing" classname="Kyle.Flooding.Tests.FloodIngressPresentationTests" runstate="Runnable" seed="1350667051" result="Passed" start-time="2026-08-05 09:03:10Z" end-time="2026-08-05 09:03:10Z" duration="0.001441" asserts="0">
                <properties>
                  <property name="retryIteration" value="0" />
                  <property name="repeatIteration" value="0" />
                </properties>
              </test-case>
              <test-case id="1074" name="PresentationState_DirectionalStretchRelaxesAfterStop" fullname="Kyle.Flooding.Tests.FloodIngressPresentationTests.PresentationState_DirectionalStretchRelaxesAfterStop" methodname="PresentationState_DirectionalStretchRelaxesAfterStop" classname="Kyle.Flooding.Tests.FloodIngressPresentationTests" runstate="Runnable" seed="815963921" result="Passed" start-time="2026-08-05 09:03:10Z" end-time="2026-08-05 09:03:10Z" duration="0.001689" asserts="0">
                <properties>
                  <property name="retryIteration" value="0" />
                  <property name="repeatIteration" value="0" />
                </properties>
              </test-case>
              <test-case id="1071" name="PresentationState_DoesNotMutateFloodVolume" fullname="Kyle.Flooding.Tests.FloodIngressPresentationTests.PresentationState_DoesNotMutateFloodVolume" methodname="PresentationState_DoesNotMutateFloodVolume" classname="Kyle.Flooding.Tests.FloodIngressPresentationTests" runstate="Runnable" seed="61662751" result="Passed" start-time="2026-08-05 09:03:10Z" end-time="2026-08-05 09:03:10Z" duration="0.002498" asserts="0">
                <properties>
                  <property name="retryIteration" value="0" />
                  <property name="repeatIteration" value="0" />
                </properties>
              </test-case>
              <test-case id="1069" name="PresentationState_HandoffProgressesDuringConvergence" fullname="Kyle.Flooding.Tests.FloodIngressPresentationTests.PresentationState_HandoffProgressesDuringConvergence" methodname="PresentationState_HandoffProgressesDuringConvergence" classname="Kyle.Flooding.Tests.FloodIngressPresentationTests" runstate="Runnable" seed="72418977" result="Passed" start-time="2026-08-05 09:03:10Z" end-time="2026-08-05 09:03:10Z" duration="0.001216" asserts="0">
                <properties>
                  <property name="retryIteration" value="0" />
                  <property name="repeatIteration" value="0" />
                </properties>
              </test-case>
              <test-case id="1064" name="PresentationState_IgnoresFlowBelowMinimum" fullname="Kyle.Flooding.Tests.FloodIngressPresentationTests.PresentationState_IgnoresFlowBelowMinimum" methodname="PresentationState_IgnoresFlowBelowMinimum" classname="Kyle.Flooding.Tests.FloodIngressPresentationTests" runstate="Runnable" seed="1710066727" result="Passed" start-time="2026-08-05 09:03:10Z" end-time="2026-08-05 09:03:10Z" duration="0.000772" asserts="0">
                <properties>
                  <property name="retryIteration" value="0" />
                  <property name="repeatIteration" value="0" />
                </properties>
              </test-case>
              <test-case id="1067" name="PresentationState_RadiusIncreasesWhileGrowing" fullname="Kyle.Flooding.Tests.FloodIngressPresentationTests.PresentationState_RadiusIncreasesWhileGrowing" methodname="PresentationState_RadiusIncreasesWhileGrowing" classname="Kyle.Flooding.Tests.FloodIngressPresentationTests" runstate="Runnable" seed="332390618" result="Passed" start-time="2026-08-05 09:03:10Z" end-time="2026-08-05 09:03:10Z" duration="0.001101" asserts="0">
                <properties>
                  <property name="retryIteration" value="0" />
                  <property name="repeatIteration" value="0" />
                </properties>
              </test-case>
              <test-case id="1070" name="PresentationState_RespectsMaximumPatchesAndProviderOwnership" fullname="Kyle.Flooding.Tests.FloodIngressPresentationTests.PresentationState_RespectsMaximumPatchesAndProviderOwnership" methodname="PresentationState_RespectsMaximumPatchesAndProviderOwnership" classname="Kyle.Flooding.Tests.FloodIngressPresentationTests" runstate="Runnable" seed="267185313" result="Passed" start-time="2026-08-05 09:03:10Z" end-time="2026-08-05 09:03:10Z" duration="0.001331" asserts="0">
                <properties>
                  <property name="retryIteration" value="0" />
                  <property name="repeatIteration" value="0" />
                </properties>
              </test-case>
              <test-case id="1066" name="PresentationState_SameProviderUpdatesOnePatch" fullname="Kyle.Flooding.Tests.FloodIngressPresentationTests.PresentationState_SameProviderUpdatesOnePatch" methodname="PresentationState_SameProviderUpdatesOnePatch" classname="Kyle.Flooding.Tests.FloodIngressPresentationTests" runstate="Runnable" seed="1377898148" result="Passed" start-time="2026-08-05 09:03:10Z" end-time="2026-08-05 09:03:10Z" duration="0.001288" asserts="0">
                <properties>
                  <property name="retryIteration" value="0" />
                  <property name="repeatIteration" value="0" />
                </properties>
              </test-case>
              <test-case id="1068" name="PresentationState_StopTransitionsThroughSettlingAndConvergingWithoutPopping" fullname="Kyle.Flooding.Tests.FloodIngressPresentationTests.PresentationState_StopTransitionsThroughSettlingAndConvergingWithoutPopping" methodname="PresentationState_StopTransitionsThroughSettlingAndConvergingWithoutPopping" classname="Kyle.Flooding.Tests.FloodIngressPresentationTests" runstate="Runnable" seed="903111765" result="Passed" start-time="2026-08-05 09:03:10Z" end-time="2026-08-05 09:03:10Z" duration="0.001708" asserts="0">
                <properties>
                  <property name="retryIteration" value="0" />
                  <property name="repeatIteration" value="0" />
                </properties>
              </test-case>
              <test-case id="1072" name="PresentationState_UsesFloorNormalNotWorldY" fullname="Kyle.Flooding.Tests.FloodIngressPresentationTests.PresentationState_UsesFloorNormalNotWorldY" methodname="PresentationState_UsesFloorNormalNotWorldY" classname="Kyle.Flooding.Tests.FloodIngressPresentationTests" runstate="Runnable" seed="1607129648" result="Passed" start-time="2026-08-05 09:03:10Z" end-time="2026-08-05 09:03:10Z" duration="0.001601" asserts="0">
                <properties>
                  <property name="retryIteration" value="0" />
                  <property name="repeatIteration" value="0" />
                </properties>
              </test-case>
              <test-case id="1076" name="Profile_EvaluateNormalizedStrength_UsesThresholds" fullname="Kyle.Flooding.Tests.FloodIngressPresentationTests.Profile_EvaluateNormalizedStrength_UsesThresholds" methodname="Profile_EvaluateNormalizedStrength_UsesThresholds" classname="Kyle.Flooding.Tests.FloodIngressPresentationTests" runstate="Runnable" seed="1247939661" result="Passed" start-time="2026-08-05 09:03:10Z" end-time="2026-08-05 09:03:10Z" duration="0.004082" asserts="0">
                <properties>
                  <property name="retryIteration" value="0" />
                  <property name="repeatIteration" value="0" />
                </properties>
              </test-case>
              <test-case id="1061" name="Sampler_Connection_PositiveFlow_SelectsSideBAndForward" fullname="Kyle.Flooding.Tests.FloodIngressPresentationTests.Sampler_Connection_PositiveFlow_SelectsSideBAndForward" methodname="Sampler_Connection_PositiveFlow_SelectsSideBAndForward" classname="Kyle.Flooding.Tests.FloodIngressPresentationTests" runstate="Runnable" seed="1152460034" result="Passed" start-time="2026-08-05 09:03:10Z" end-time="2026-08-05 09:03:10Z" duration="0.010867" asserts="0">
                <properties>
                  <property name="retryIteration" value="0" />
                  <property name="repeatIteration" value="0" />
                </properties>
              </test-case>
              <test-case id="1062" name="Sampler_Connection_ReversedFlow_SelectsSideAAndFlipsDirection" fullname="Kyle.Flooding.Tests.FloodIngressPresentationTests.Sampler_Connection_ReversedFlow_SelectsSideAAndFlipsDirection" methodname="Sampler_Connection_ReversedFlow_SelectsSideAAndFlipsDirection" classname="Kyle.Flooding.Tests.FloodIngressPresentationTests" runstate="Runnable" seed="6443629" result="Passed" start-time="2026-08-05 09:03:10Z" end-time="2026-08-05 09:03:10Z" duration="0.002243" asserts="0">
                <properties>
                  <property name="retryIteration" value="0" />
                  <property name="repeatIteration" value="0" />
                </properties>
              </test-case>
              <test-case id="1063" name="Sampler_Connection_UsesIngressAnchorOverOpeningCenter" fullname="Kyle.Flooding.Tests.FloodIngressPresentationTests.Sampler_Connection_UsesIngressAnchorOverOpeningCenter" methodname="Sampler_Connection_UsesIngressAnchorOverOpeningCenter" classname="Kyle.Flooding.Tests.FloodIngressPresentationTests" runstate="Runnable" seed="1729326455" result="Passed" start-time="2026-08-05 09:03:10Z" end-time="2026-08-05 09:03:10Z" duration="0.002834" asserts="0">
                <properties>
                  <property name="retryIteration" value="0" />
                  <property name="repeatIteration" value="0" />
                </properties>
              </test-case>
              <test-case id="1060" name="Sampler_Source_MapsTargetPositionDirectionAndRate" fullname="Kyle.Flooding.Tests.FloodIngressPresentationTests.Sampler_Source_MapsTargetPositionDirectionAndRate" methodname="Sampler_Source_MapsTargetPositionDirectionAndRate" classname="Kyle.Flooding.Tests.FloodIngressPresentationTests" runstate="Runnable" seed="2014981159" result="Passed" start-time="2026-08-05 09:03:10Z" end-time="2026-08-05 09:03:10Z" duration="0.003572" asserts="0">
                <properties>
                  <property name="retryIteration" value="0" />
                  <property name="repeatIteration" value="0" />
                </properties>
              </test-case>
            </test-suite>
            <test-suite type="TestFixture" id="1077" name="FloodMassAggregationTests" fullname="Kyle.Flooding.Tests.FloodMassAggregationTests" classname="Kyle.Flooding.Tests.FloodMassAggregationTests" runstate="Runnable" testcasecount="3" result="Passed" start-time="2026-08-05 09:03:10Z" end-time="2026-08-05 09:03:10Z" duration="0.009374" total="3" passed="3" failed="0" inconclusive="0" skipped="0" asserts="0">
              <properties />
              <test-case id="1080" name="Combine_NegativeMass_Throws" fullname="Kyle.Flooding.Tests.FloodMassAggregationTests.Combine_NegativeMass_Throws" methodname="Combine_NegativeMass_Throws" classname="Kyle.Flooding.Tests.FloodMassAggregationTests" runstate="Runnable" seed="1589599960" result="Passed" start-time="2026-08-05 09:03:10Z" end-time="2026-08-05 09:03:10Z" duration="0.004489" asserts="0">
                <properties>
                  <property name="retryIteration" value="0" />
                  <property name="repeatIteration" value="0" />
                </properties>
              </test-case>
              <test-case id="1078" name="Combine_UsesMassWeightedWorldCenter" fullname="Kyle.Flooding.Tests.FloodMassAggregationTests.Combine_UsesMassWeightedWorldCenter" methodname="Combine_UsesMassWeightedWorldCenter" classname="Kyle.Flooding.Tests.FloodMassAggregationTests" runstate="Runnable" seed="257953301" result="Passed" start-time="2026-08-05 09:03:10Z" end-time="2026-08-05 09:03:10Z" duration="0.000761" asserts="0">
                <properties>
                  <property name="retryIteration" value="0" />
                  <property name="repeatIteration" value="0" />
                </properties>
              </test-case>
              <test-case id="1079" name="Combine_ZeroMass_ReturnsEmptyContribution" fullname="Kyle.Flooding.Tests.FloodMassAggregationTests.Combine_ZeroMass_ReturnsEmptyContribution" methodname="Combine_ZeroMass_ReturnsEmptyContribution" classname="Kyle.Flooding.Tests.FloodMassAggregationTests" runstate="Runnable" seed="670083229" result="Passed" start-time="2026-08-05 09:03:10Z" end-time="2026-08-05 09:03:10Z" duration="0.001446" asserts="0">
                <properties>
                  <property name="retryIteration" value="0" />
                  <property name="repeatIteration" value="0" />
                </properties>
              </test-case>
            </test-suite>
            <test-suite type="TestFixture" id="1081" name="FloodMeshPlaneIntersectionTests" fullname="Kyle.Flooding.Tests.FloodMeshPlaneIntersectionTests" classname="Kyle.Flooding.Tests.FloodMeshPlaneIntersectionTests" runstate="Runnable" testcasecount="4" result="Passed" start-time="2026-08-05 09:03:10Z" end-time="2026-08-05 09:03:10Z" duration="0.011088" total="4" passed="4" failed="0" inconclusive="0" skipped="0" asserts="0">
              <properties />
              <test-case id="1083" name="IntersectMesh_AngledPlane_ReturnsClosedOnPlaneContour" fullname="Kyle.Flooding.Tests.FloodMeshPlaneIntersectionTests.IntersectMesh_AngledPlane_ReturnsClosedOnPlaneContour" methodname="IntersectMesh_AngledPlane_ReturnsClosedOnPlaneContour" classname="Kyle.Flooding.Tests.FloodMeshPlaneIntersectionTests" runstate="Runnable" seed="1855409" result="Passed" start-time="2026-08-05 09:03:10Z" end-time="2026-08-05 09:03:10Z" duration="0.003524" asserts="0">
                <properties>
                  <property name="retryIteration" value="0" />
                  <property name="repeatIteration" value="0" />
                </properties>
              </test-case>
              <test-case id="1085" name="IntersectMesh_FullyCoplanarTriangle_ProducesNoSegment" fullname="Kyle.Flooding.Tests.FloodMeshPlaneIntersectionTests.IntersectMesh_FullyCoplanarTriangle_ProducesNoSegment" methodname="IntersectMesh_FullyCoplanarTriangle_ProducesNoSegment" classname="Kyle.Flooding.Tests.FloodMeshPlaneIntersectionTests" runstate="Runnable" seed="1233237472" result="Passed" start-time="2026-08-05 09:03:10Z" end-time="2026-08-05 09:03:10Z" duration="0.000764" asserts="0">
                <properties>
                  <property name="retryIteration" value="0" />
                  <property name="repeatIteration" value="0" />
                </properties>
              </test-case>
              <test-case id="1082" name="IntersectMesh_HorizontalPlane_OnHexPrism_ReturnsSixSidedContour" fullname="Kyle.Flooding.Tests.FloodMeshPlaneIntersectionTests.IntersectMesh_HorizontalPlane_OnHexPrism_ReturnsSixSidedContour" methodname="IntersectMesh_HorizontalPlane_OnHexPrism_ReturnsSixSidedContour" classname="Kyle.Flooding.Tests.FloodMeshPlaneIntersectionTests" runstate="Runnable" seed="1641040483" result="Passed" start-time="2026-08-05 09:03:10Z" end-time="2026-08-05 09:03:10Z" duration="0.001361" asserts="0">
                <properties>
                  <property name="retryIteration" value="0" />
                  <property name="repeatIteration" value="0" />
                </properties>
              </test-case>
              <test-case id="1084" name="IntersectMesh_TwoWells_ReturnsTwoContours" fullname="Kyle.Flooding.Tests.FloodMeshPlaneIntersectionTests.IntersectMesh_TwoWells_ReturnsTwoContours" methodname="IntersectMesh_TwoWells_ReturnsTwoContours" classname="Kyle.Flooding.Tests.FloodMeshPlaneIntersectionTests" runstate="Runnable" seed="20037790" result="Passed" start-time="2026-08-05 09:03:10Z" end-time="2026-08-05 09:03:10Z" duration="0.002995" asserts="0">
                <properties>
                  <property name="retryIteration" value="0" />
                  <property name="repeatIteration" value="0" />
                </properties>
              </test-case>
            </test-suite>
            <test-suite type="TestFixture" id="1086" name="FloodPresentationUtilityTests" fullname="Kyle.Flooding.Tests.FloodPresentationUtilityTests" classname="Kyle.Flooding.Tests.FloodPresentationUtilityTests" runstate="Runnable" testcasecount="3" result="Passed" start-time="2026-08-05 09:03:10Z" end-time="2026-08-05 09:03:10Z" duration="0.003606" total="3" passed="3" failed="0" inconclusive="0" skipped="0" asserts="0">
              <properties />
              <test-case id="1089" name="FillIntensity_ClampsToUnitInterval" fullname="Kyle.Flooding.Tests.FloodPresentationUtilityTests.FillIntensity_ClampsToUnitInterval" methodname="FillIntensity_ClampsToUnitInterval" classname="Kyle.Flooding.Tests.FloodPresentationUtilityTests" runstate="Runnable" seed="1875069680" result="Passed" start-time="2026-08-05 09:03:10Z" end-time="2026-08-05 09:03:10Z" duration="0.000699" asserts="0">
                <properties>
                  <property name="retryIteration" value="0" />
                  <property name="repeatIteration" value="0" />
                </properties>
              </test-case>
              <test-case id="1088" name="FlowIntensity_IncreasesWithFlowRate" fullname="Kyle.Flooding.Tests.FloodPresentationUtilityTests.FlowIntensity_IncreasesWithFlowRate" methodname="FlowIntensity_IncreasesWithFlowRate" classname="Kyle.Flooding.Tests.FloodPresentationUtilityTests" runstate="Runnable" seed="1826339449" result="Passed" start-time="2026-08-05 09:03:10Z" end-time="2026-08-05 09:03:10Z" duration="0.000564" asserts="0">
                <properties>
                  <property name="retryIteration" value="0" />
                  <property name="repeatIteration" value="0" />
                </properties>
              </test-case>
              <test-case id="1087" name="FlowIntensity_ReturnsZeroForIdleFlow" fullname="Kyle.Flooding.Tests.FloodPresentationUtilityTests.FlowIntensity_ReturnsZeroForIdleFlow" methodname="FlowIntensity_ReturnsZeroForIdleFlow" classname="Kyle.Flooding.Tests.FloodPresentationUtilityTests" runstate="Runnable" seed="1661611355" result="Passed" start-time="2026-08-05 09:03:10Z" end-time="2026-08-05 09:03:10Z" duration="0.000470" asserts="0">
                <properties>
                  <property name="retryIteration" value="0" />
                  <property name="repeatIteration" value="0" />
                </properties>
              </test-case>
            </test-suite>
            <test-suite type="TestFixture" id="1090" name="FloodQueryResultTests" fullname="Kyle.Flooding.Tests.FloodQueryResultTests" classname="Kyle.Flooding.Tests.FloodQueryResultTests" runstate="Runnable" testcasecount="5" result="Passed" start-time="2026-08-05 09:03:10Z" end-time="2026-08-05 09:03:10Z" duration="0.006615" total="5" passed="5" failed="0" inconclusive="0" skipped="0" asserts="0">
              <properties />
              <test-case id="1095" name="Equals_IncludesSurfaceSignedDistance" fullname="Kyle.Flooding.Tests.FloodQueryResultTests.Equals_IncludesSurfaceSignedDistance" methodname="Equals_IncludesSurfaceSignedDistance" classname="Kyle.Flooding.Tests.FloodQueryResultTests" runstate="Runnable" seed="243986096" result="Passed" start-time="2026-08-05 09:03:10Z" end-time="2026-08-05 09:03:10Z" duration="0.002067" asserts="0">
                <properties>
                  <property name="retryIteration" value="0" />
                  <property name="repeatIteration" value="0" />
                </properties>
              </test-case>
              <test-case id="1094" name="SubmersionDepth_RemainsZeroWhenBelowPlaneButNotSubmerged" fullname="Kyle.Flooding.Tests.FloodQueryResultTests.SubmersionDepth_RemainsZeroWhenBelowPlaneButNotSubmerged" methodname="SubmersionDepth_RemainsZeroWhenBelowPlaneButNotSubmerged" classname="Kyle.Flooding.Tests.FloodQueryResultTests" runstate="Runnable" seed="2078295510" result="Passed" start-time="2026-08-05 09:03:10Z" end-time="2026-08-05 09:03:10Z" duration="0.000632" asserts="0">
                <properties>
                  <property name="retryIteration" value="0" />
                  <property name="repeatIteration" value="0" />
                </properties>
              </test-case>
              <test-case id="1093" name="SurfaceSignedDistance_NegativeMeansBelowSurface" fullname="Kyle.Flooding.Tests.FloodQueryResultTests.SurfaceSignedDistance_NegativeMeansBelowSurface" methodname="SurfaceSignedDistance_NegativeMeansBelowSurface" classname="Kyle.Flooding.Tests.FloodQueryResultTests" runstate="Runnable" seed="958918106" result="Passed" start-time="2026-08-05 09:03:10Z" end-time="2026-08-05 09:03:10Z" duration="0.000561" asserts="0">
                <properties>
                  <property name="retryIteration" value="0" />
                  <property name="repeatIteration" value="0" />
                </properties>
              </test-case>
              <test-case id="1091" name="SurfaceSignedDistance_PositiveMeansAboveSurface" fullname="Kyle.Flooding.Tests.FloodQueryResultTests.SurfaceSignedDistance_PositiveMeansAboveSurface" methodname="SurfaceSignedDistance_PositiveMeansAboveSurface" classname="Kyle.Flooding.Tests.FloodQueryResultTests" runstate="Runnable" seed="464815773" result="Passed" start-time="2026-08-05 09:03:10Z" end-time="2026-08-05 09:03:10Z" duration="0.000539" asserts="0">
                <properties>
                  <property name="retryIteration" value="0" />
                  <property name="repeatIteration" value="0" />
                </properties>
              </test-case>
              <test-case id="1092" name="SurfaceSignedDistance_ZeroMeansOnSurface" fullname="Kyle.Flooding.Tests.FloodQueryResultTests.SurfaceSignedDistance_ZeroMeansOnSurface" methodname="SurfaceSignedDistance_ZeroMeansOnSurface" classname="Kyle.Flooding.Tests.FloodQueryResultTests" runstate="Runnable" seed="486963867" result="Passed" start-time="2026-08-05 09:03:10Z" end-time="2026-08-05 09:03:10Z" duration="0.000377" asserts="0">
                <properties>
                  <property name="retryIteration" value="0" />
                  <property name="repeatIteration" value="0" />
                </properties>
              </test-case>
            </test-suite>
            <test-suite type="TestFixture" id="1096" name="FloodSimulationTests" fullname="Kyle.Flooding.Tests.FloodSimulationTests" classname="Kyle.Flooding.Tests.FloodSimulationTests" runstate="Runnable" testcasecount="22" result="Passed" start-time="2026-08-05 09:03:10Z" end-time="2026-08-05 09:03:10Z" duration="0.022036" total="22" passed="22" failed="0" inconclusive="0" skipped="0" asserts="0">
              <properties />
              <test-case id="1107" name="AddVolume_ClampsAtCapacity" fullname="Kyle.Flooding.Tests.FloodSimulationTests.AddVolume_ClampsAtCapacity" methodname="AddVolume_ClampsAtCapacity" classname="Kyle.Flooding.Tests.FloodSimulationTests" runstate="Runnable" seed="2086527154" result="Passed" start-time="2026-08-05 09:03:10Z" end-time="2026-08-05 09:03:10Z" duration="0.001099" asserts="0">
                <properties>
                  <property name="retryIteration" value="0" />
                  <property name="repeatIteration" value="0" />
                </properties>
              </test-case>
              <test-case id="1097" name="Constructor_CalculatesCapacityAndDerivedState" fullname="Kyle.Flooding.Tests.FloodSimulationTests.Constructor_CalculatesCapacityAndDerivedState" methodname="Constructor_CalculatesCapacityAndDerivedState" classname="Kyle.Flooding.Tests.FloodSimulationTests" runstate="Runnable" seed="1692097881" result="Passed" start-time="2026-08-05 09:03:10Z" end-time="2026-08-05 09:03:10Z" duration="0.000977" asserts="0">
                <properties>
                  <property name="retryIteration" value="0" />
                  <property name="repeatIteration" value="0" />
                </properties>
              </test-case>
              <test-suite type="ParameterizedMethod" id="1106" name="Constructor_ClampsInitialVolume" fullname="Kyle.Flooding.Tests.FloodSimulationTests.Constructor_ClampsInitialVolume" classname="Kyle.Flooding.Tests.FloodSimulationTests" runstate="Runnable" testcasecount="3" result="Passed" start-time="2026-08-05 09:03:10Z" end-time="2026-08-05 09:03:10Z" duration="0.002557" total="3" passed="3" failed="0" inconclusive="0" skipped="0" asserts="0">
                <properties />
                <test-case id="1103" name="Constructor_ClampsInitialVolume(-5.0d,0.0d)" fullname="Kyle.Flooding.Tests.FloodSimulationTests.Constructor_ClampsInitialVolume(-5.0d,0.0d)" methodname="Constructor_ClampsInitialVolume" classname="Kyle.Flooding.Tests.FloodSimulationTests" runstate="Runnable" seed="1532792015" result="Passed" start-time="2026-08-05 09:03:10Z" end-time="2026-08-05 09:03:10Z" duration="0.000686" asserts="0">
                  <properties>
                    <property name="retryIteration" value="0" />
                    <property name="repeatIteration" value="0" />
                  </properties>
                </test-case>
                <test-case id="1104" name="Constructor_ClampsInitialVolume(5.0d,5.0d)" fullname="Kyle.Flooding.Tests.FloodSimulationTests.Constructor_ClampsInitialVolume(5.0d,5.0d)" methodname="Constructor_ClampsInitialVolume" classname="Kyle.Flooding.Tests.FloodSimulationTests" runstate="Runnable" seed="1629565480" result="Passed" start-time="2026-08-05 09:03:10Z" end-time="2026-08-05 09:03:10Z" duration="0.000389" asserts="0">
                  <properties>
                    <property name="retryIteration" value="0" />
                    <property name="repeatIteration" value="0" />
                  </properties>
                </test-case>
                <test-case id="1105" name="Constructor_ClampsInitialVolume(25.0d,20.0d)" fullname="Kyle.Flooding.Tests.FloodSimulationTests.Constructor_ClampsInitialVolume(25.0d,20.0d)" methodname="Constructor_ClampsInitialVolume" classname="Kyle.Flooding.Tests.FloodSimulationTests" runstate="Runnable" seed="74875115" result="Passed" start-time="2026-08-05 09:03:10Z" end-time="2026-08-05 09:03:10Z" duration="0.000263" asserts="0">
                  <properties>
                    <property name="retryIteration" value="0" />
                    <property name="repeatIteration" value="0" />
                  </properties>
                </test-case>
              </test-suite>
              <test-case id="1117" name="Constructor_RejectsDimensionsWithInfiniteCapacity" fullname="Kyle.Flooding.Tests.FloodSimulationTests.Constructor_RejectsDimensionsWithInfiniteCapacity" methodname="Constructor_RejectsDimensionsWithInfiniteCapacity" classname="Kyle.Flooding.Tests.FloodSimulationTests" runstate="Runnable" seed="1577625670" result="Passed" start-time="2026-08-05 09:03:10Z" end-time="2026-08-05 09:03:10Z" duration="0.000923" asserts="0">
                <properties>
                  <property name="retryIteration" value="0" />
                  <property name="repeatIteration" value="0" />
                </properties>
              </test-case>
              <test-suite type="ParameterizedMethod" id="1116" name="Constructor_RejectsNonFiniteValues" fullname="Kyle.Flooding.Tests.FloodSimulationTests.Constructor_RejectsNonFiniteValues" classname="Kyle.Flooding.Tests.FloodSimulationTests" runstate="Runnable" testcasecount="3" result="Passed" start-time="2026-08-05 09:03:10Z" end-time="2026-08-05 09:03:10Z" duration="0.002324" total="3" passed="3" failed="0" inconclusive="0" skipped="0" asserts="0">
                <properties />
                <test-case id="1113" name="Constructor_RejectsNonFiniteValues(double.NaN)" fullname="Kyle.Flooding.Tests.FloodSimulationTests.Constructor_RejectsNonFiniteValues(double.NaN)" methodname="Constructor_RejectsNonFiniteValues" classname="Kyle.Flooding.Tests.FloodSimulationTests" runstate="Runnable" seed="2055817663" result="Passed" start-time="2026-08-05 09:03:10Z" end-time="2026-08-05 09:03:10Z" duration="0.000718" asserts="0">
                  <properties>
                    <property name="retryIteration" value="0" />
                    <property name="repeatIteration" value="0" />
                  </properties>
                </test-case>
                <test-case id="1114" name="Constructor_RejectsNonFiniteValues(double.PositiveInfinity)" fullname="Kyle.Flooding.Tests.FloodSimulationTests.Constructor_RejectsNonFiniteValues(double.PositiveInfinity)" methodname="Constructor_RejectsNonFiniteValues" classname="Kyle.Flooding.Tests.FloodSimulationTests" runstate="Runnable" seed="1976990183" result="Passed" start-time="2026-08-05 09:03:10Z" end-time="2026-08-05 09:03:10Z" duration="0.000295" asserts="0">
                  <properties>
                    <property name="retryIteration" value="0" />
                    <property name="repeatIteration" value="0" />
                  </properties>
                </test-case>
                <test-case id="1115" name="Constructor_RejectsNonFiniteValues(double.NegativeInfinity)" fullname="Kyle.Flooding.Tests.FloodSimulationTests.Constructor_RejectsNonFiniteValues(double.NegativeInfinity)" methodname="Constructor_RejectsNonFiniteValues" classname="Kyle.Flooding.Tests.FloodSimulationTests" runstate="Runnable" seed="1842921610" result="Passed" start-time="2026-08-05 09:03:10Z" end-time="2026-08-05 09:03:10Z" duration="0.000266" asserts="0">
                  <properties>
                    <property name="retryIteration" value="0" />
                    <property name="repeatIteration" value="0" />
                  </properties>
                </test-case>
              </test-suite>
              <test-suite type="ParameterizedMethod" id="1102" name="Constructor_RejectsNonPositiveDimensions" fullname="Kyle.Flooding.Tests.FloodSimulationTests.Constructor_RejectsNonPositiveDimensions" classname="Kyle.Flooding.Tests.FloodSimulationTests" runstate="Runnable" testcasecount="4" result="Passed" start-time="2026-08-05 09:03:10Z" end-time="2026-08-05 09:03:10Z" duration="0.002292" total="4" passed="4" failed="0" inconclusive="0" skipped="0" asserts="0">
                <properties />
                <test-case id="1098" name="Constructor_RejectsNonPositiveDimensions(0.0d,1.0d)" fullname="Kyle.Flooding.Tests.FloodSimulationTests.Constructor_RejectsNonPositiveDimensions(0.0d,1.0d)" methodname="Constructor_RejectsNonPositiveDimensions" classname="Kyle.Flooding.Tests.FloodSimulationTests" runstate="Runnable" seed="1591427793" result="Passed" start-time="2026-08-05 09:03:10Z" end-time="2026-08-05 09:03:10Z" duration="0.000608" asserts="0">
                  <properties>
                    <property name="retryIteration" value="0" />
                    <property name="repeatIteration" value="0" />
                  </properties>
                </test-case>
                <test-case id="1099" name="Constructor_RejectsNonPositiveDimensions(-1.0d,1.0d)" fullname="Kyle.Flooding.Tests.FloodSimulationTests.Constructor_RejectsNonPositiveDimensions(-1.0d,1.0d)" methodname="Constructor_RejectsNonPositiveDimensions" classname="Kyle.Flooding.Tests.FloodSimulationTests" runstate="Runnable" seed="203637803" result="Passed" start-time="2026-08-05 09:03:10Z" end-time="2026-08-05 09:03:10Z" duration="0.000204" asserts="0">
                  <properties>
                    <property name="retryIteration" value="0" />
                    <property name="repeatIteration" value="0" />
                  </properties>
                </test-case>
                <test-case id="1100" name="Constructor_RejectsNonPositiveDimensions(1.0d,0.0d)" fullname="Kyle.Flooding.Tests.FloodSimulationTests.Constructor_RejectsNonPositiveDimensions(1.0d,0.0d)" methodname="Constructor_RejectsNonPositiveDimensions" classname="Kyle.Flooding.Tests.FloodSimulationTests" runstate="Runnable" seed="1509669017" result="Passed" start-time="2026-08-05 09:03:10Z" end-time="2026-08-05 09:03:10Z" duration="0.000140" asserts="0">
                  <properties>
                    <property name="retryIteration" value="0" />
                    <property name="repeatIteration" value="0" />
                  </properties>
                </test-case>
                <test-case id="1101" name="Constructor_RejectsNonPositiveDimensions(1.0d,-1.0d)" fullname="Kyle.Flooding.Tests.FloodSimulationTests.Constructor_RejectsNonPositiveDimensions(1.0d,-1.0d)" methodname="Constructor_RejectsNonPositiveDimensions" classname="Kyle.Flooding.Tests.FloodSimulationTests" runstate="Runnable" seed="1909133271" result="Passed" start-time="2026-08-05 09:03:10Z" end-time="2026-08-05 09:03:10Z" duration="0.000145" asserts="0">
                  <properties>
                    <property name="retryIteration" value="0" />
                    <property name="repeatIteration" value="0" />
                  </properties>
                </test-case>
              </test-suite>
              <test-suite type="ParameterizedMethod" id="1121" name="Mutations_RejectNonFiniteValues" fullname="Kyle.Flooding.Tests.FloodSimulationTests.Mutations_RejectNonFiniteValues" classname="Kyle.Flooding.Tests.FloodSimulationTests" runstate="Runnable" testcasecount="3" result="Passed" start-time="2026-08-05 09:03:10Z" end-time="2026-08-05 09:03:10Z" duration="0.002798" total="3" passed="3" failed="0" inconclusive="0" skipped="0" asserts="0">
                <properties />
                <test-case id="1118" name="Mutations_RejectNonFiniteValues(double.NaN)" fullname="Kyle.Flooding.Tests.FloodSimulationTests.Mutations_RejectNonFiniteValues(double.NaN)" methodname="Mutations_RejectNonFiniteValues" classname="Kyle.Flooding.Tests.FloodSimulationTests" runstate="Runnable" seed="176239074" result="Passed" start-time="2026-08-05 09:03:10Z" end-time="2026-08-05 09:03:10Z" duration="0.001071" asserts="0">
                  <properties>
                    <property name="retryIteration" value="0" />
                    <property name="repeatIteration" value="0" />
                  </properties>
                </test-case>
                <test-case id="1119" name="Mutations_RejectNonFiniteValues(double.PositiveInfinity)" fullname="Kyle.Flooding.Tests.FloodSimulationTests.Mutations_RejectNonFiniteValues(double.PositiveInfinity)" methodname="Mutations_RejectNonFiniteValues" classname="Kyle.Flooding.Tests.FloodSimulationTests" runstate="Runnable" seed="291987945" result="Passed" start-time="2026-08-05 09:03:10Z" end-time="2026-08-05 09:03:10Z" duration="0.000295" asserts="0">
                  <properties>
                    <property name="retryIteration" value="0" />
                    <property name="repeatIteration" value="0" />
                  </properties>
                </test-case>
                <test-case id="1120" name="Mutations_RejectNonFiniteValues(double.NegativeInfinity)" fullname="Kyle.Flooding.Tests.FloodSimulationTests.Mutations_RejectNonFiniteValues(double.NegativeInfinity)" methodname="Mutations_RejectNonFiniteValues" classname="Kyle.Flooding.Tests.FloodSimulationTests" runstate="Runnable" seed="1551363902" result="Passed" start-time="2026-08-05 09:03:10Z" end-time="2026-08-05 09:03:10Z" duration="0.000288" asserts="0">
                  <properties>
                    <property name="retryIteration" value="0" />
                    <property name="repeatIteration" value="0" />
                  </properties>
                </test-case>
              </test-suite>
              <test-case id="1112" name="NonPositiveMutations_DoNotChangeVolume" fullname="Kyle.Flooding.Tests.FloodSimulationTests.NonPositiveMutations_DoNotChangeVolume" methodname="NonPositiveMutations_DoNotChangeVolume" classname="Kyle.Flooding.Tests.FloodSimulationTests" runstate="Runnable" seed="1375116212" result="Passed" start-time="2026-08-05 09:03:10Z" end-time="2026-08-05 09:03:10Z" duration="0.000797" asserts="0">
                <properties>
                  <property name="retryIteration" value="0" />
                  <property name="repeatIteration" value="0" />
                </properties>
              </test-case>
              <test-case id="1108" name="RemoveVolume_ClampsAtZero" fullname="Kyle.Flooding.Tests.FloodSimulationTests.RemoveVolume_ClampsAtZero" methodname="RemoveVolume_ClampsAtZero" classname="Kyle.Flooding.Tests.FloodSimulationTests" runstate="Runnable" seed="1663661966" result="Passed" start-time="2026-08-05 09:03:10Z" end-time="2026-08-05 09:03:10Z" duration="0.000821" asserts="0">
                <properties>
                  <property name="retryIteration" value="0" />
                  <property name="repeatIteration" value="0" />
                </properties>
              </test-case>
              <test-case id="1109" name="SetVolume_ClampsToValidRange" fullname="Kyle.Flooding.Tests.FloodSimulationTests.SetVolume_ClampsToValidRange" methodname="SetVolume_ClampsToValidRange" classname="Kyle.Flooding.Tests.FloodSimulationTests" runstate="Runnable" seed="166194267" result="Passed" start-time="2026-08-05 09:03:10Z" end-time="2026-08-05 09:03:10Z" duration="0.000883" asserts="0">
                <properties>
                  <property name="retryIteration" value="0" />
                  <property name="repeatIteration" value="0" />
                </properties>
              </test-case>
              <test-case id="1110" name="Step_AppliesNetFlowOverTime" fullname="Kyle.Flooding.Tests.FloodSimulationTests.Step_AppliesNetFlowOverTime" methodname="Step_AppliesNetFlowOverTime" classname="Kyle.Flooding.Tests.FloodSimulationTests" runstate="Runnable" seed="2044958526" result="Passed" start-time="2026-08-05 09:03:10Z" end-time="2026-08-05 09:03:10Z" duration="0.000743" asserts="0">
                <properties>
                  <property name="retryIteration" value="0" />
                  <property name="repeatIteration" value="0" />
                </properties>
              </test-case>
              <test-case id="1111" name="Step_ClampsNetFlowToCapacity" fullname="Kyle.Flooding.Tests.FloodSimulationTests.Step_ClampsNetFlowToCapacity" methodname="Step_ClampsNetFlowToCapacity" classname="Kyle.Flooding.Tests.FloodSimulationTests" runstate="Runnable" seed="1754567267" result="Passed" start-time="2026-08-05 09:03:10Z" end-time="2026-08-05 09:03:10Z" duration="0.000423" asserts="0">
                <properties>
                  <property name="retryIteration" value="0" />
                  <property name="repeatIteration" value="0" />
                </properties>
              </test-case>
              <test-case id="1122" name="Step_RejectsNegativeFlowRates" fullname="Kyle.Flooding.Tests.FloodSimulationTests.Step_RejectsNegativeFlowRates" methodname="Step_RejectsNegativeFlowRates" classname="Kyle.Flooding.Tests.FloodSimulationTests" runstate="Runnable" seed="1646288111" result="Passed" start-time="2026-08-05 09:03:10Z" end-time="2026-08-05 09:03:10Z" duration="0.000711" asserts="0">
                <properties>
                  <property name="retryIteration" value="0" />
                  <property name="repeatIteration" value="0" />
                </properties>
              </test-case>
            </test-suite>
            <test-suite type="TestFixture" id="1123" name="FloodUnderwaterProfileTests" fullname="Kyle.Flooding.Tests.FloodUnderwaterProfileTests" classname="Kyle.Flooding.Tests.FloodUnderwaterProfileTests" runstate="Runnable" testcasecount="5" result="Passed" start-time="2026-08-05 09:03:10Z" end-time="2026-08-05 09:03:10Z" duration="0.007906" total="5" passed="5" failed="0" inconclusive="0" skipped="0" asserts="0">
              <properties />
              <test-case id="1124" name="Defaults_AreRestrainedAndFinite" fullname="Kyle.Flooding.Tests.FloodUnderwaterProfileTests.Defaults_AreRestrainedAndFinite" methodname="Defaults_AreRestrainedAndFinite" classname="Kyle.Flooding.Tests.FloodUnderwaterProfileTests" runstate="Runnable" seed="324839928" result="Passed" start-time="2026-08-05 09:03:10Z" end-time="2026-08-05 09:03:10Z" duration="0.001268" asserts="0">
                <properties>
                  <property name="retryIteration" value="0" />
                  <property name="repeatIteration" value="0" />
                </properties>
              </test-case>
              <test-case id="1125" name="EvaluateDepthStrength_MapsSubmersionToUnitInterval" fullname="Kyle.Flooding.Tests.FloodUnderwaterProfileTests.EvaluateDepthStrength_MapsSubmersionToUnitInterval" methodname="EvaluateDepthStrength_MapsSubmersionToUnitInterval" classname="Kyle.Flooding.Tests.FloodUnderwaterProfileTests" runstate="Runnable" seed="1637899896" result="Passed" start-time="2026-08-05 09:03:10Z" end-time="2026-08-05 09:03:10Z" duration="0.001044" asserts="0">
                <properties>
                  <property name="retryIteration" value="0" />
                  <property name="repeatIteration" value="0" />
                </properties>
              </test-case>
              <test-case id="1127" name="EvaluateFogStrength_IncreasesWithDepthAndRespectsMaximum" fullname="Kyle.Flooding.Tests.FloodUnderwaterProfileTests.EvaluateFogStrength_IncreasesWithDepthAndRespectsMaximum" methodname="EvaluateFogStrength_IncreasesWithDepthAndRespectsMaximum" classname="Kyle.Flooding.Tests.FloodUnderwaterProfileTests" runstate="Runnable" seed="1045559717" result="Passed" start-time="2026-08-05 09:03:10Z" end-time="2026-08-05 09:03:10Z" duration="0.000958" asserts="0">
                <properties>
                  <property name="retryIteration" value="0" />
                  <property name="repeatIteration" value="0" />
                </properties>
              </test-case>
              <test-case id="1126" name="EvaluateTintColor_LerpsShallowToDeepByDepth" fullname="Kyle.Flooding.Tests.FloodUnderwaterProfileTests.EvaluateTintColor_LerpsShallowToDeepByDepth" methodname="EvaluateTintColor_LerpsShallowToDeepByDepth" classname="Kyle.Flooding.Tests.FloodUnderwaterProfileTests" runstate="Runnable" seed="2127548065" result="Passed" start-time="2026-08-05 09:03:10Z" end-time="2026-08-05 09:03:10Z" duration="0.001315" asserts="0">
                <properties>
                  <property name="retryIteration" value="0" />
                  <property name="repeatIteration" value="0" />
                </properties>
              </test-case>
              <test-case id="1128" name="PropertySetters_ClampInvalidValues" fullname="Kyle.Flooding.Tests.FloodUnderwaterProfileTests.PropertySetters_ClampInvalidValues" methodname="PropertySetters_ClampInvalidValues" classname="Kyle.Flooding.Tests.FloodUnderwaterProfileTests" runstate="Runnable" seed="1367263300" result="Passed" start-time="2026-08-05 09:03:10Z" end-time="2026-08-05 09:03:10Z" duration="0.001157" asserts="0">
                <properties>
                  <property name="retryIteration" value="0" />
                  <property name="repeatIteration" value="0" />
                </properties>
              </test-case>
            </test-suite>
            <test-suite type="TestFixture" id="1129" name="FluidBoundaryReferenceTests" fullname="Kyle.Flooding.Tests.FluidBoundaryReferenceTests" classname="Kyle.Flooding.Tests.FluidBoundaryReferenceTests" runstate="Runnable" testcasecount="7" result="Passed" start-time="2026-08-05 09:03:10Z" end-time="2026-08-05 09:03:10Z" duration="0.008867" total="7" passed="7" failed="0" inconclusive="0" skipped="0" asserts="0">
              <properties />
              <test-case id="1131" name="TryResolveComponent_AcceptsExternalFluidBoundaryComponent" fullname="Kyle.Flooding.Tests.FluidBoundaryReferenceTests.TryResolveComponent_AcceptsExternalFluidBoundaryComponent" methodname="TryResolveComponent_AcceptsExternalFluidBoundaryComponent" classname="Kyle.Flooding.Tests.FluidBoundaryReferenceTests" runstate="Runnable" seed="1259367385" result="Passed" start-time="2026-08-05 09:03:10Z" end-time="2026-08-05 09:03:10Z" duration="0.001772" asserts="0">
                <properties>
                  <property name="retryIteration" value="0" />
                  <property name="repeatIteration" value="0" />
                </properties>
              </test-case>
              <test-case id="1132" name="TryResolveComponent_AcceptsFloodVolumeComponent" fullname="Kyle.Flooding.Tests.FluidBoundaryReferenceTests.TryResolveComponent_AcceptsFloodVolumeComponent" methodname="TryResolveComponent_AcceptsFloodVolumeComponent" classname="Kyle.Flooding.Tests.FluidBoundaryReferenceTests" runstate="Runnable" seed="1502647933" result="Passed" start-time="2026-08-05 09:03:10Z" end-time="2026-08-05 09:03:10Z" duration="0.000743" asserts="0">
                <properties>
                  <property name="retryIteration" value="0" />
                  <property name="repeatIteration" value="0" />
                </properties>
              </test-case>
              <test-case id="1133" name="TryResolveComponent_AcceptsGameObjectWithExternalFluidBoundary" fullname="Kyle.Flooding.Tests.FluidBoundaryReferenceTests.TryResolveComponent_AcceptsGameObjectWithExternalFluidBoundary" methodname="TryResolveComponent_AcceptsGameObjectWithExternalFluidBoundary" classname="Kyle.Flooding.Tests.FluidBoundaryReferenceTests" runstate="Runnable" seed="809763820" result="Passed" start-time="2026-08-05 09:03:10Z" end-time="2026-08-05 09:03:10Z" duration="0.001449" asserts="0">
                <properties>
                  <property name="retryIteration" value="0" />
                  <property name="repeatIteration" value="0" />
                </properties>
              </test-case>
              <test-case id="1134" name="TryResolveComponent_AcceptsGameObjectWithFloodVolume" fullname="Kyle.Flooding.Tests.FluidBoundaryReferenceTests.TryResolveComponent_AcceptsGameObjectWithFloodVolume" methodname="TryResolveComponent_AcceptsGameObjectWithFloodVolume" classname="Kyle.Flooding.Tests.FluidBoundaryReferenceTests" runstate="Runnable" seed="1199071817" result="Passed" start-time="2026-08-05 09:03:10Z" end-time="2026-08-05 09:03:10Z" duration="0.000631" asserts="0">
                <properties>
                  <property name="retryIteration" value="0" />
                  <property name="repeatIteration" value="0" />
                </properties>
              </test-case>
              <test-case id="1130" name="TryResolveComponent_AcceptsNull" fullname="Kyle.Flooding.Tests.FluidBoundaryReferenceTests.TryResolveComponent_AcceptsNull" methodname="TryResolveComponent_AcceptsNull" classname="Kyle.Flooding.Tests.FluidBoundaryReferenceTests" runstate="Runnable" seed="689309660" result="Passed" start-time="2026-08-05 09:03:10Z" end-time="2026-08-05 09:03:10Z" duration="0.000489" asserts="0">
                <properties>
                  <property name="retryIteration" value="0" />
                  <property name="repeatIteration" value="0" />
                </properties>
              </test-case>
              <test-case id="1135" name="TryResolveComponent_RejectsGameObjectWithoutBoundary" fullname="Kyle.Flooding.Tests.FluidBoundaryReferenceTests.TryResolveComponent_RejectsGameObjectWithoutBoundary" methodname="TryResolveComponent_RejectsGameObjectWithoutBoundary" classname="Kyle.Flooding.Tests.FluidBoundaryReferenceTests" runstate="Runnable" seed="283037269" result="Passed" start-time="2026-08-05 09:03:10Z" end-time="2026-08-05 09:03:10Z" duration="0.000425" asserts="0">
                <properties>
                  <property name="retryIteration" value="0" />
                  <property name="repeatIteration" value="0" />
                </properties>
              </test-case>
              <test-case id="1136" name="TryResolveComponent_RejectsUnsupportedComponent" fullname="Kyle.Flooding.Tests.FluidBoundaryReferenceTests.TryResolveComponent_RejectsUnsupportedComponent" methodname="TryResolveComponent_RejectsUnsupportedComponent" classname="Kyle.Flooding.Tests.FluidBoundaryReferenceTests" runstate="Runnable" seed="1510966046" result="Passed" start-time="2026-08-05 09:03:10Z" end-time="2026-08-05 09:03:10Z" duration="0.000388" asserts="0">
                <properties>
                  <property name="retryIteration" value="0" />
                  <property name="repeatIteration" value="0" />
                </properties>
                <output><![CDATA[Saving results to: C:/Users/kyleb/AppData/LocalLow/DefaultCompany/Flooding\TestResults.xml
]]></output>
              </test-case>
            </test-suite>
          </test-suite>
        </test-suite>
      </test-suite>
    </test-suite>
  </test-suite>
</test-run>